<?xml version="1.0" encoding="UTF-8"?>
<!-- Generated by org.testng.reporters.JUnitReportReporter -->
<testsuite skipped="0" hostname="Anas" name="com.practice.API.Demo.DemoTest" tests="1" failures="0" timestamp="26 Jul 2021 04:57:17 GMT" time="0.010" errors="0">
  <testcase name="ku" time="0.010" classname="com.practice.API.Demo.DemoTest"/>
</testsuite> <!-- com.practice.API.Demo.DemoTest -->
